<?xml version="1.0" encoding="UTF-8"?>
<testng-results skipped="0" failed="0" total="1" passed="1">
  <reporter-output>
  </reporter-output>
  <suite name="Test Cucumber Runner" duration-ms="48809" started-at="2016-05-04T14:06:48Z" finished-at="2016-05-04T14:07:37Z">
    <groups>
      <group name="cucumber">
        <method signature="AbstractTestNGCucumberTests.feature(cucumber.api.testng.CucumberFeatureWrapper)[pri:0, instance:runners.CucumberRunner@7946e1f4]" name="feature" class="cucumber.api.testng.AbstractTestNGCucumberTests"/>
      </group> <!-- cucumber -->
    </groups>
    <test name="Packages with subpackages FireFoxTests" duration-ms="48809" started-at="2016-05-04T14:06:48Z" finished-at="2016-05-04T14:07:37Z">
      <class name="runners.CucumberRunner">
        <test-method status="PASS" signature="setUpClass()[pri:0, instance:runners.CucumberRunner@7946e1f4]" test-instance-name="" name="setUpClass" is-config="true" duration-ms="510" started-at="2016-05-04T16:06:48Z" finished-at="2016-05-04T16:06:49Z">
          <reporter-output>
          </reporter-output>
        </test-method> <!-- setUpClass -->
        <test-method name="feature" test-instance-name="" signature="feature(cucumber.api.testng.CucumberFeatureWrapper)[pri:0, instance:runners.CucumberRunner@7946e1f4]" status="PASS" duration-ms="48106" finished-at="2016-05-04T16:07:37Z" started-at="2016-05-04T16:06:49Z" data-provider="features" description="Runs Cucumber Feature">
          <params>
            <param index="0">
              <value>
                <![CDATA[]]>
              </value>
            </param>
          </params>
          <reporter-output>
          </reporter-output>
        </test-method> <!-- feature -->
        <test-method status="PASS" signature="tearDownClass()[pri:0, instance:runners.CucumberRunner@7946e1f4]" test-instance-name="" name="tearDownClass" is-config="true" duration-ms="16" started-at="2016-05-04T16:07:37Z" finished-at="2016-05-04T16:07:37Z">
          <reporter-output>
          </reporter-output>
        </test-method> <!-- tearDownClass -->
      </class> <!-- runners.CucumberRunner -->
    </test> <!-- Packages with subpackages FireFoxTests -->
  </suite> <!-- Test Cucumber Runner -->
</testng-results>
